<?xml version="1.0" encoding="UTF-8"?>
<!-- Generated by org.testng.reporters.JUnitXMLReporter -->
<testsuite hostname="RACHANA-PC" ignored="0" name="Default test" tests="19" failures="2" timestamp="20 Oct 2018 18:29:48 GMT" time="191.621" errors="0">
  <testcase name="verifyEchoAlexaSubCategoryTest" time="22.59" classname="com.amazon.dropdownTest.VerifySubCategories"/>
  <testcase name="verifyFireTVStickSubCategoryTest" time="10.668" classname="com.amazon.dropdownTest.VerifySubCategories"/>
  <testcase name="verifyKindleEReadersAndEbooksSubCategoryTest" time="11.162" classname="com.amazon.dropdownTest.VerifySubCategories"/>
  <testcase name="verifyAmazonPrimeVideoSubCategoryTest" time="11.335" classname="com.amazon.dropdownTest.VerifySubCategories"/>
  <testcase name="verifyAmazonPrimeMusicSubCategoryTest" time="7.252" classname="com.amazon.dropdownTest.VerifySubCategories"/>
  <testcase name="verifyAaMobileComputersSubCategoryTest" time="7.672" classname="com.amazon.dropdownTest.VerifySubCategories"/>
  <testcase name="verifyTVAppliancesElectronicsSubCategoryTest" time="9.388" classname="com.amazon.dropdownTest.VerifySubCategories"/>
  <testcase name="verifyMenFasionSubCategoryTest" time="2.512" classname="com.amazon.dropdownTest.VerifySubCategories">
    <failure type="org.openqa.selenium.interactions.MoveTargetOutOfBoundsException" message="Offset within element cannot be scrolled into view: (0, 0): [object HTMLSpanElement]
Command duration or timeout: 20 milliseconds
Build info: version: &amp;apos;2.53.1&amp;apos;, revision: &amp;apos;a36b8b1&amp;apos;, time: &amp;apos;2016-06-30 17:32:46&amp;apos;
System info: host: &amp;apos;RACHANA-PC&amp;apos;, ip: &amp;apos;192.168.29.1&amp;apos;, os.name: &amp;apos;Windows 7&amp;apos;, os.arch: &amp;apos;amd64&amp;apos;, os.version: &amp;apos;6.1&amp;apos;, java.version: &amp;apos;1.8.0_181&amp;apos;
Driver info: org.openqa.selenium.firefox.FirefoxDriver
Capabilities [{applicationCacheEnabled=true, rotatable=false, handlesAlerts=true, databaseEnabled=true, version=45.0, platform=WINDOWS, nativeEvents=false, acceptSslCerts=true, webStorageEnabled=true, locationContextEnabled=true, browserName=firefox, takesScreenshot=true, javascriptEnabled=true, cssSelectorsEnabled=true}]
Session ID: 22f1faf7-c67b-4e91-8f29-f0828439e3cb">
      <![CDATA[org.openqa.selenium.interactions.MoveTargetOutOfBoundsException: Offset within element cannot be scrolled into view: (0, 0): [object HTMLSpanElement]
Command duration or timeout: 20 milliseconds
Build info: version: '2.53.1', revision: 'a36b8b1', time: '2016-06-30 17:32:46'
System info: host: 'RACHANA-PC', ip: '192.168.29.1', os.name: 'Windows 7', os.arch: 'amd64', os.version: '6.1', java.version: '1.8.0_181'
Driver info: org.openqa.selenium.firefox.FirefoxDriver
Capabilities [{applicationCacheEnabled=true, rotatable=false, handlesAlerts=true, databaseEnabled=true, version=45.0, platform=WINDOWS, nativeEvents=false, acceptSslCerts=true, webStorageEnabled=true, locationContextEnabled=true, browserName=firefox, takesScreenshot=true, javascriptEnabled=true, cssSelectorsEnabled=true}]
Session ID: 22f1faf7-c67b-4e91-8f29-f0828439e3cb
at sun.reflect.NativeConstructorAccessorImpl.newInstance0(Native Method)
at sun.reflect.NativeConstructorAccessorImpl.newInstance(Unknown Source)
at sun.reflect.DelegatingConstructorAccessorImpl.newInstance(Unknown Source)
at java.lang.reflect.Constructor.newInstance(Unknown Source)
at org.openqa.selenium.remote.ErrorHandler.createThrowable(ErrorHandler.java:206)
at org.openqa.selenium.remote.ErrorHandler.throwIfResponseFailed(ErrorHandler.java:158)
at org.openqa.selenium.remote.RemoteWebDriver.execute(RemoteWebDriver.java:678)
at org.openqa.selenium.remote.RemoteExecuteMethod.execute(RemoteExecuteMethod.java:35)
at org.openqa.selenium.remote.RemoteMouse.mouseMove(RemoteMouse.java:89)
at org.openqa.selenium.interactions.MoveMouseAction.perform(MoveMouseAction.java:39)
at org.openqa.selenium.interactions.CompositeAction.perform(CompositeAction.java:50)
at org.openqa.selenium.interactions.Actions.perform(Actions.java:373)
at com.amazon.dropdownTest.VerifySubCategories.verifyMenFasionSubCategoryTest(VerifySubCategories.java:201)
at sun.reflect.NativeMethodAccessorImpl.invoke0(Native Method)
at sun.reflect.NativeMethodAccessorImpl.invoke(Unknown Source)
at sun.reflect.DelegatingMethodAccessorImpl.invoke(Unknown Source)
at java.lang.reflect.Method.invoke(Unknown Source)
at org.testng.internal.MethodInvocationHelper.invokeMethod(MethodInvocationHelper.java:124)
at org.testng.internal.Invoker.invokeMethod(Invoker.java:580)
at org.testng.internal.Invoker.invokeTestMethod(Invoker.java:716)
at org.testng.internal.Invoker.invokeTestMethods(Invoker.java:988)
at org.testng.internal.TestMethodWorker.invokeTestMethods(TestMethodWorker.java:125)
at org.testng.internal.TestMethodWorker.run(TestMethodWorker.java:109)
at org.testng.TestRunner.privateRun(TestRunner.java:648)
at org.testng.TestRunner.run(TestRunner.java:505)
at org.testng.SuiteRunner.runTest(SuiteRunner.java:455)
at org.testng.SuiteRunner.runSequentially(SuiteRunner.java:450)
at org.testng.SuiteRunner.privateRun(SuiteRunner.java:415)
at org.testng.SuiteRunner.run(SuiteRunner.java:364)
at org.testng.SuiteRunnerWorker.runSuite(SuiteRunnerWorker.java:52)
at org.testng.SuiteRunnerWorker.run(SuiteRunnerWorker.java:84)
at org.testng.TestNG.runSuitesSequentially(TestNG.java:1208)
at org.testng.TestNG.runSuitesLocally(TestNG.java:1137)
at org.testng.TestNG.runSuites(TestNG.java:1049)
at org.testng.TestNG.run(TestNG.java:1017)
at org.testng.remote.AbstractRemoteTestNG.run(AbstractRemoteTestNG.java:114)
at org.testng.remote.RemoteTestNG.initAndRun(RemoteTestNG.java:251)
at org.testng.remote.RemoteTestNG.main(RemoteTestNG.java:77)
Caused by: org.openqa.selenium.interactions.MoveTargetOutOfBoundsException: Offset within element cannot be scrolled into view: (0, 0): [object HTMLSpanElement]
Build info: version: '2.53.1', revision: 'a36b8b1', time: '2016-06-30 17:32:46'
System info: host: 'RACHANA-PC', ip: '192.168.29.1', os.name: 'Windows 7', os.arch: 'amd64', os.version: '6.1', java.version: '1.8.0_181'
Driver info: driver.version: unknown
at <anonymous class>.FirefoxDriver.prototype.mouseMoveTo(file:///C:/Users/RACHANA/AppData/Local/Temp/anonymous459074591374747381webdriver-profile/extensions/fxdriver@googlecode.com/components/driver-component.js:11072)
at <anonymous class>.DelayedCommand.prototype.executeInternal_/h(file:///C:/Users/RACHANA/AppData/Local/Temp/anonymous459074591374747381webdriver-profile/extensions/fxdriver@googlecode.com/components/command-processor.js:12661)
at <anonymous class>.DelayedCommand.prototype.executeInternal_(file:///C:/Users/RACHANA/AppData/Local/Temp/anonymous459074591374747381webdriver-profile/extensions/fxdriver@googlecode.com/components/command-processor.js:12666)
at <anonymous class>.DelayedCommand.prototype.execute/<(file:///C:/Users/RACHANA/AppData/Local/Temp/anonymous459074591374747381webdriver-profile/extensions/fxdriver@googlecode.com/components/command-processor.js:12608)
]]>
    </failure>
  </testcase> <!-- verifyMenFasionSubCategoryTest -->
  <testcase name="verifyWomenFasionSubCategoryTest" time="6.102" classname="com.amazon.dropdownTest.VerifySubCategories"/>
  <testcase name="verifyHomeKitchenPetsSubCategoryTest" time="4.454" classname="com.amazon.dropdownTest.VerifySubCategories">
    <failure type="org.openqa.selenium.interactions.MoveTargetOutOfBoundsException" message="Offset within element cannot be scrolled into view: (0, 0): [object HTMLSpanElement]
Command duration or timeout: 22 milliseconds
Build info: version: &amp;apos;2.53.1&amp;apos;, revision: &amp;apos;a36b8b1&amp;apos;, time: &amp;apos;2016-06-30 17:32:46&amp;apos;
System info: host: &amp;apos;RACHANA-PC&amp;apos;, ip: &amp;apos;192.168.29.1&amp;apos;, os.name: &amp;apos;Windows 7&amp;apos;, os.arch: &amp;apos;amd64&amp;apos;, os.version: &amp;apos;6.1&amp;apos;, java.version: &amp;apos;1.8.0_181&amp;apos;
Driver info: org.openqa.selenium.firefox.FirefoxDriver
Capabilities [{applicationCacheEnabled=true, rotatable=false, handlesAlerts=true, databaseEnabled=true, version=45.0, platform=WINDOWS, nativeEvents=false, acceptSslCerts=true, webStorageEnabled=true, locationContextEnabled=true, browserName=firefox, takesScreenshot=true, javascriptEnabled=true, cssSelectorsEnabled=true}]
Session ID: 22f1faf7-c67b-4e91-8f29-f0828439e3cb">
      <![CDATA[org.openqa.selenium.interactions.MoveTargetOutOfBoundsException: Offset within element cannot be scrolled into view: (0, 0): [object HTMLSpanElement]
Command duration or timeout: 22 milliseconds
Build info: version: '2.53.1', revision: 'a36b8b1', time: '2016-06-30 17:32:46'
System info: host: 'RACHANA-PC', ip: '192.168.29.1', os.name: 'Windows 7', os.arch: 'amd64', os.version: '6.1', java.version: '1.8.0_181'
Driver info: org.openqa.selenium.firefox.FirefoxDriver
Capabilities [{applicationCacheEnabled=true, rotatable=false, handlesAlerts=true, databaseEnabled=true, version=45.0, platform=WINDOWS, nativeEvents=false, acceptSslCerts=true, webStorageEnabled=true, locationContextEnabled=true, browserName=firefox, takesScreenshot=true, javascriptEnabled=true, cssSelectorsEnabled=true}]
Session ID: 22f1faf7-c67b-4e91-8f29-f0828439e3cb
at sun.reflect.NativeConstructorAccessorImpl.newInstance0(Native Method)
at sun.reflect.NativeConstructorAccessorImpl.newInstance(Unknown Source)
at sun.reflect.DelegatingConstructorAccessorImpl.newInstance(Unknown Source)
at java.lang.reflect.Constructor.newInstance(Unknown Source)
at org.openqa.selenium.remote.ErrorHandler.createThrowable(ErrorHandler.java:206)
at org.openqa.selenium.remote.ErrorHandler.throwIfResponseFailed(ErrorHandler.java:158)
at org.openqa.selenium.remote.RemoteWebDriver.execute(RemoteWebDriver.java:678)
at org.openqa.selenium.remote.RemoteExecuteMethod.execute(RemoteExecuteMethod.java:35)
at org.openqa.selenium.remote.RemoteMouse.mouseMove(RemoteMouse.java:89)
at org.openqa.selenium.interactions.MoveMouseAction.perform(MoveMouseAction.java:39)
at org.openqa.selenium.interactions.CompositeAction.perform(CompositeAction.java:50)
at org.openqa.selenium.interactions.Actions.perform(Actions.java:373)
at com.amazon.dropdownTest.VerifySubCategories.verifyHomeKitchenPetsSubCategoryTest(VerifySubCategories.java:249)
at sun.reflect.NativeMethodAccessorImpl.invoke0(Native Method)
at sun.reflect.NativeMethodAccessorImpl.invoke(Unknown Source)
at sun.reflect.DelegatingMethodAccessorImpl.invoke(Unknown Source)
at java.lang.reflect.Method.invoke(Unknown Source)
at org.testng.internal.MethodInvocationHelper.invokeMethod(MethodInvocationHelper.java:124)
at org.testng.internal.Invoker.invokeMethod(Invoker.java:580)
at org.testng.internal.Invoker.invokeTestMethod(Invoker.java:716)
at org.testng.internal.Invoker.invokeTestMethods(Invoker.java:988)
at org.testng.internal.TestMethodWorker.invokeTestMethods(TestMethodWorker.java:125)
at org.testng.internal.TestMethodWorker.run(TestMethodWorker.java:109)
at org.testng.TestRunner.privateRun(TestRunner.java:648)
at org.testng.TestRunner.run(TestRunner.java:505)
at org.testng.SuiteRunner.runTest(SuiteRunner.java:455)
at org.testng.SuiteRunner.runSequentially(SuiteRunner.java:450)
at org.testng.SuiteRunner.privateRun(SuiteRunner.java:415)
at org.testng.SuiteRunner.run(SuiteRunner.java:364)
at org.testng.SuiteRunnerWorker.runSuite(SuiteRunnerWorker.java:52)
at org.testng.SuiteRunnerWorker.run(SuiteRunnerWorker.java:84)
at org.testng.TestNG.runSuitesSequentially(TestNG.java:1208)
at org.testng.TestNG.runSuitesLocally(TestNG.java:1137)
at org.testng.TestNG.runSuites(TestNG.java:1049)
at org.testng.TestNG.run(TestNG.java:1017)
at org.testng.remote.AbstractRemoteTestNG.run(AbstractRemoteTestNG.java:114)
at org.testng.remote.RemoteTestNG.initAndRun(RemoteTestNG.java:251)
at org.testng.remote.RemoteTestNG.main(RemoteTestNG.java:77)
Caused by: org.openqa.selenium.interactions.MoveTargetOutOfBoundsException: Offset within element cannot be scrolled into view: (0, 0): [object HTMLSpanElement]
Build info: version: '2.53.1', revision: 'a36b8b1', time: '2016-06-30 17:32:46'
System info: host: 'RACHANA-PC', ip: '192.168.29.1', os.name: 'Windows 7', os.arch: 'amd64', os.version: '6.1', java.version: '1.8.0_181'
Driver info: driver.version: unknown
at <anonymous class>.FirefoxDriver.prototype.mouseMoveTo(file:///C:/Users/RACHANA/AppData/Local/Temp/anonymous459074591374747381webdriver-profile/extensions/fxdriver@googlecode.com/components/driver-component.js:11072)
at <anonymous class>.DelayedCommand.prototype.executeInternal_/h(file:///C:/Users/RACHANA/AppData/Local/Temp/anonymous459074591374747381webdriver-profile/extensions/fxdriver@googlecode.com/components/command-processor.js:12661)
at <anonymous class>.DelayedCommand.prototype.executeInternal_(file:///C:/Users/RACHANA/AppData/Local/Temp/anonymous459074591374747381webdriver-profile/extensions/fxdriver@googlecode.com/components/command-processor.js:12666)
at <anonymous class>.DelayedCommand.prototype.execute/<(file:///C:/Users/RACHANA/AppData/Local/Temp/anonymous459074591374747381webdriver-profile/extensions/fxdriver@googlecode.com/components/command-processor.js:12608)
]]>
    </failure>
  </testcase> <!-- verifyHomeKitchenPetsSubCategoryTest -->
  <testcase name="verifyBeautyHealthGrocerySubCategoryTest" time="5.95" classname="com.amazon.dropdownTest.VerifySubCategories"/>
  <testcase name="verifySportsFitnessBagsLuggageSubCategoryTest" time="8.536" classname="com.amazon.dropdownTest.VerifySubCategories"/>
  <testcase name="verifyToysBabyProductsKidsFashionSubCategoryTest" time="8.789" classname="com.amazon.dropdownTest.VerifySubCategories"/>
  <testcase name="verifyCarMotorBikeIndustrialSubCategoryTest" time="10.165" classname="com.amazon.dropdownTest.VerifySubCategories"/>
  <testcase name="verifyBooksSubCategoryTest" time="8.899" classname="com.amazon.dropdownTest.VerifySubCategories"/>
  <testcase name="verifyMoviesMusicVideoGamesSubCategoryTest" time="8.998" classname="com.amazon.dropdownTest.VerifySubCategories"/>
  <testcase name="verifyGiftCardMobileRechargesSubCategoryTest" time="20.21" classname="com.amazon.dropdownTest.VerifySubCategories"/>
  <testcase name="verifyGlobalStoreSubCategoryTest" time="5.227" classname="com.amazon.dropdownTest.VerifySubCategories"/>
  <testcase name="verifyFullSStoreDirectorySubCategoryTest" time="5.996" classname="com.amazon.dropdownTest.VerifySubCategories"/>
</testsuite> <!-- Default test -->
