<?xml version="1.0" encoding="UTF-8"?>
<!-- Generated by org.testng.reporters.JUnitReportReporter -->
<testsuite skipped="0" hostname="RACHANA-PC" name="com.amazon.dropdownTest.VerifySubCategories" tests="19" failures="0" timestamp="20 Oct 2018 11:34:31 GMT" time="149.205" errors="2">
  <testcase name="verifyEchoAlexaSubCategoryTest" time="15.948" classname="com.amazon.dropdownTest.VerifySubCategories"/>
  <testcase name="verifyFireTVStickSubCategoryTest" time="9.721" classname="com.amazon.dropdownTest.VerifySubCategories"/>
  <testcase name="verifyKindleEReadersAndEbooksSubCategoryTest" time="10.481" classname="com.amazon.dropdownTest.VerifySubCategories"/>
  <testcase name="verifyAmazonPrimeVideoSubCategoryTest" time="5.414" classname="com.amazon.dropdownTest.VerifySubCategories"/>
  <testcase name="verifyAmazonPrimeMusicSubCategoryTest" time="4.097" classname="com.amazon.dropdownTest.VerifySubCategories"/>
  <testcase name="verifyAaMobileComputersSubCategoryTest" time="7.228" classname="com.amazon.dropdownTest.VerifySubCategories"/>
  <testcase name="verifyTVAppliancesElectronicsSubCategoryTest" time="16.788" classname="com.amazon.dropdownTest.VerifySubCategories"/>
  <testcase name="verifyMenFasionSubCategoryTest" time="7.740" classname="com.amazon.dropdownTest.VerifySubCategories"/>
  <testcase name="verifyWomenFasionSubCategoryTest" time="8.222" classname="com.amazon.dropdownTest.VerifySubCategories"/>
  <testcase name="verifyHomeKitchenPetsSubCategoryTest" time="8.359" classname="com.amazon.dropdownTest.VerifySubCategories"/>
  <testcase name="verifyBeautyHealthGrocerySubCategoryTest" time="6.334" classname="com.amazon.dropdownTest.VerifySubCategories"/>
  <testcase name="verifySportsFitnessBagsLuggageSubCategoryTest" time="9.381" classname="com.amazon.dropdownTest.VerifySubCategories"/>
  <testcase name="verifyToysBabyProductsKidsFashionSubCategoryTest" time="5.749" classname="com.amazon.dropdownTest.VerifySubCategories">
    <error type="org.openqa.selenium.interactions.MoveTargetOutOfBoundsException" message="Offset within element cannot be scrolled into view: (0, 0): [object HTMLSpanElement]
Command duration or timeout: 22 milliseconds
Build info: version: &#039;2.53.1&#039;, revision: &#039;a36b8b1&#039;, time: &#039;2016-06-30 17:32:46&#039;
System info: host: &#039;RACHANA-PC&#039;, ip: &#039;192.168.29.1&#039;, os.name: &#039;Windows 7&#039;, os.arch: &#039;amd64&#039;, os.version: &#039;6.1&#039;, java.version: &#039;1.8.0_181&#039;
Driver info: org.openqa.selenium.firefox.FirefoxDriver
Capabilities [{applicationCacheEnabled=true, rotatable=false, handlesAlerts=true, databaseEnabled=true, version=45.0, platform=WINDOWS, nativeEvents=false, acceptSslCerts=true, webStorageEnabled=true, locationContextEnabled=true, browserName=firefox, takesScreenshot=true, javascriptEnabled=true, cssSelectorsEnabled=true}]
Session ID: f12e9d92-959c-4ac7-a051-b4285fb87392">
      <![CDATA[org.openqa.selenium.interactions.MoveTargetOutOfBoundsException: Offset within element cannot be scrolled into view: (0, 0): [object HTMLSpanElement]
Command duration or timeout: 22 milliseconds
Build info: version: '2.53.1', revision: 'a36b8b1', time: '2016-06-30 17:32:46'
System info: host: 'RACHANA-PC', ip: '192.168.29.1', os.name: 'Windows 7', os.arch: 'amd64', os.version: '6.1', java.version: '1.8.0_181'
Driver info: org.openqa.selenium.firefox.FirefoxDriver
Capabilities [{applicationCacheEnabled=true, rotatable=false, handlesAlerts=true, databaseEnabled=true, version=45.0, platform=WINDOWS, nativeEvents=false, acceptSslCerts=true, webStorageEnabled=true, locationContextEnabled=true, browserName=firefox, takesScreenshot=true, javascriptEnabled=true, cssSelectorsEnabled=true}]
Session ID: f12e9d92-959c-4ac7-a051-b4285fb87392
at sun.reflect.NativeConstructorAccessorImpl.newInstance0(Native Method)
at sun.reflect.NativeConstructorAccessorImpl.newInstance(Unknown Source)
at sun.reflect.DelegatingConstructorAccessorImpl.newInstance(Unknown Source)
at java.lang.reflect.Constructor.newInstance(Unknown Source)
at org.openqa.selenium.remote.ErrorHandler.createThrowable(ErrorHandler.java:206)
at org.openqa.selenium.remote.ErrorHandler.throwIfResponseFailed(ErrorHandler.java:158)
at org.openqa.selenium.remote.RemoteWebDriver.execute(RemoteWebDriver.java:678)
at org.openqa.selenium.remote.RemoteExecuteMethod.execute(RemoteExecuteMethod.java:35)
at org.openqa.selenium.remote.RemoteMouse.mouseMove(RemoteMouse.java:89)
at org.openqa.selenium.interactions.MoveMouseAction.perform(MoveMouseAction.java:39)
at org.openqa.selenium.interactions.CompositeAction.perform(CompositeAction.java:50)
at org.openqa.selenium.interactions.Actions.perform(Actions.java:373)
at com.amazon.dropdownTest.VerifySubCategories.verifyToysBabyProductsKidsFashionSubCategoryTest(VerifySubCategories.java:305)
at sun.reflect.NativeMethodAccessorImpl.invoke0(Native Method)
at sun.reflect.NativeMethodAccessorImpl.invoke(Unknown Source)
at sun.reflect.DelegatingMethodAccessorImpl.invoke(Unknown Source)
at java.lang.reflect.Method.invoke(Unknown Source)
at org.testng.internal.MethodInvocationHelper.invokeMethod(MethodInvocationHelper.java:124)
at org.testng.internal.Invoker.invokeMethod(Invoker.java:580)
at org.testng.internal.Invoker.invokeTestMethod(Invoker.java:716)
at org.testng.internal.Invoker.invokeTestMethods(Invoker.java:988)
at org.testng.internal.TestMethodWorker.invokeTestMethods(TestMethodWorker.java:125)
at org.testng.internal.TestMethodWorker.run(TestMethodWorker.java:109)
at org.testng.TestRunner.privateRun(TestRunner.java:648)
at org.testng.TestRunner.run(TestRunner.java:505)
at org.testng.SuiteRunner.runTest(SuiteRunner.java:455)
at org.testng.SuiteRunner.runSequentially(SuiteRunner.java:450)
at org.testng.SuiteRunner.privateRun(SuiteRunner.java:415)
at org.testng.SuiteRunner.run(SuiteRunner.java:364)
at org.testng.SuiteRunnerWorker.runSuite(SuiteRunnerWorker.java:52)
at org.testng.SuiteRunnerWorker.run(SuiteRunnerWorker.java:84)
at org.testng.TestNG.runSuitesSequentially(TestNG.java:1208)
at org.testng.TestNG.runSuitesLocally(TestNG.java:1137)
at org.testng.TestNG.runSuites(TestNG.java:1049)
at org.testng.TestNG.run(TestNG.java:1017)
at org.testng.remote.AbstractRemoteTestNG.run(AbstractRemoteTestNG.java:114)
at org.testng.remote.RemoteTestNG.initAndRun(RemoteTestNG.java:251)
at org.testng.remote.RemoteTestNG.main(RemoteTestNG.java:77)
Caused by: org.openqa.selenium.interactions.MoveTargetOutOfBoundsException: Offset within element cannot be scrolled into view: (0, 0): [object HTMLSpanElement]
Build info: version: '2.53.1', revision: 'a36b8b1', time: '2016-06-30 17:32:46'
System info: host: 'RACHANA-PC', ip: '192.168.29.1', os.name: 'Windows 7', os.arch: 'amd64', os.version: '6.1', java.version: '1.8.0_181'
Driver info: driver.version: unknown
at <anonymous class>.FirefoxDriver.prototype.mouseMoveTo(file:///C:/Users/RACHANA/AppData/Local/Temp/anonymous2930185562068354511webdriver-profile/extensions/fxdriver@googlecode.com/components/driver-component.js:11072)
at <anonymous class>.DelayedCommand.prototype.executeInternal_/h(file:///C:/Users/RACHANA/AppData/Local/Temp/anonymous2930185562068354511webdriver-profile/extensions/fxdriver@googlecode.com/components/command-processor.js:12661)
at <anonymous class>.DelayedCommand.prototype.executeInternal_(file:///C:/Users/RACHANA/AppData/Local/Temp/anonymous2930185562068354511webdriver-profile/extensions/fxdriver@googlecode.com/components/command-processor.js:12666)
at <anonymous class>.DelayedCommand.prototype.execute/<(file:///C:/Users/RACHANA/AppData/Local/Temp/anonymous2930185562068354511webdriver-profile/extensions/fxdriver@googlecode.com/components/command-processor.js:12608)
]]>
    </error>
  </testcase> <!-- verifyToysBabyProductsKidsFashionSubCategoryTest -->
  <testcase name="verifyCarMotorBikeIndustrialSubCategoryTest" time="9.190" classname="com.amazon.dropdownTest.VerifySubCategories"/>
  <testcase name="verifyBooksSubCategoryTest" time="5.941" classname="com.amazon.dropdownTest.VerifySubCategories"/>
  <testcase name="verifyMoviesMusicVideoGamesSubCategoryTest" time="5.292" classname="com.amazon.dropdownTest.VerifySubCategories"/>
  <testcase name="verifyGiftCardMobileRechargesSubCategoryTest" time="2.509" classname="com.amazon.dropdownTest.VerifySubCategories">
    <error type="org.openqa.selenium.interactions.MoveTargetOutOfBoundsException" message="Offset within element cannot be scrolled into view: (0, 0): [object HTMLSpanElement]
Command duration or timeout: 19 milliseconds
Build info: version: &#039;2.53.1&#039;, revision: &#039;a36b8b1&#039;, time: &#039;2016-06-30 17:32:46&#039;
System info: host: &#039;RACHANA-PC&#039;, ip: &#039;192.168.29.1&#039;, os.name: &#039;Windows 7&#039;, os.arch: &#039;amd64&#039;, os.version: &#039;6.1&#039;, java.version: &#039;1.8.0_181&#039;
Driver info: org.openqa.selenium.firefox.FirefoxDriver
Capabilities [{applicationCacheEnabled=true, rotatable=false, handlesAlerts=true, databaseEnabled=true, version=45.0, platform=WINDOWS, nativeEvents=false, acceptSslCerts=true, webStorageEnabled=true, locationContextEnabled=true, browserName=firefox, takesScreenshot=true, javascriptEnabled=true, cssSelectorsEnabled=true}]
Session ID: f12e9d92-959c-4ac7-a051-b4285fb87392">
      <![CDATA[org.openqa.selenium.interactions.MoveTargetOutOfBoundsException: Offset within element cannot be scrolled into view: (0, 0): [object HTMLSpanElement]
Command duration or timeout: 19 milliseconds
Build info: version: '2.53.1', revision: 'a36b8b1', time: '2016-06-30 17:32:46'
System info: host: 'RACHANA-PC', ip: '192.168.29.1', os.name: 'Windows 7', os.arch: 'amd64', os.version: '6.1', java.version: '1.8.0_181'
Driver info: org.openqa.selenium.firefox.FirefoxDriver
Capabilities [{applicationCacheEnabled=true, rotatable=false, handlesAlerts=true, databaseEnabled=true, version=45.0, platform=WINDOWS, nativeEvents=false, acceptSslCerts=true, webStorageEnabled=true, locationContextEnabled=true, browserName=firefox, takesScreenshot=true, javascriptEnabled=true, cssSelectorsEnabled=true}]
Session ID: f12e9d92-959c-4ac7-a051-b4285fb87392
at sun.reflect.NativeConstructorAccessorImpl.newInstance0(Native Method)
at sun.reflect.NativeConstructorAccessorImpl.newInstance(Unknown Source)
at sun.reflect.DelegatingConstructorAccessorImpl.newInstance(Unknown Source)
at java.lang.reflect.Constructor.newInstance(Unknown Source)
at org.openqa.selenium.remote.ErrorHandler.createThrowable(ErrorHandler.java:206)
at org.openqa.selenium.remote.ErrorHandler.throwIfResponseFailed(ErrorHandler.java:158)
at org.openqa.selenium.remote.RemoteWebDriver.execute(RemoteWebDriver.java:678)
at org.openqa.selenium.remote.RemoteExecuteMethod.execute(RemoteExecuteMethod.java:35)
at org.openqa.selenium.remote.RemoteMouse.mouseMove(RemoteMouse.java:89)
at org.openqa.selenium.interactions.MoveMouseAction.perform(MoveMouseAction.java:39)
at org.openqa.selenium.interactions.CompositeAction.perform(CompositeAction.java:50)
at org.openqa.selenium.interactions.Actions.perform(Actions.java:373)
at com.amazon.dropdownTest.VerifySubCategories.verifyGiftCardMobileRechargesSubCategoryTest(VerifySubCategories.java:397)
at sun.reflect.NativeMethodAccessorImpl.invoke0(Native Method)
at sun.reflect.NativeMethodAccessorImpl.invoke(Unknown Source)
at sun.reflect.DelegatingMethodAccessorImpl.invoke(Unknown Source)
at java.lang.reflect.Method.invoke(Unknown Source)
at org.testng.internal.MethodInvocationHelper.invokeMethod(MethodInvocationHelper.java:124)
at org.testng.internal.Invoker.invokeMethod(Invoker.java:580)
at org.testng.internal.Invoker.invokeTestMethod(Invoker.java:716)
at org.testng.internal.Invoker.invokeTestMethods(Invoker.java:988)
at org.testng.internal.TestMethodWorker.invokeTestMethods(TestMethodWorker.java:125)
at org.testng.internal.TestMethodWorker.run(TestMethodWorker.java:109)
at org.testng.TestRunner.privateRun(TestRunner.java:648)
at org.testng.TestRunner.run(TestRunner.java:505)
at org.testng.SuiteRunner.runTest(SuiteRunner.java:455)
at org.testng.SuiteRunner.runSequentially(SuiteRunner.java:450)
at org.testng.SuiteRunner.privateRun(SuiteRunner.java:415)
at org.testng.SuiteRunner.run(SuiteRunner.java:364)
at org.testng.SuiteRunnerWorker.runSuite(SuiteRunnerWorker.java:52)
at org.testng.SuiteRunnerWorker.run(SuiteRunnerWorker.java:84)
at org.testng.TestNG.runSuitesSequentially(TestNG.java:1208)
at org.testng.TestNG.runSuitesLocally(TestNG.java:1137)
at org.testng.TestNG.runSuites(TestNG.java:1049)
at org.testng.TestNG.run(TestNG.java:1017)
at org.testng.remote.AbstractRemoteTestNG.run(AbstractRemoteTestNG.java:114)
at org.testng.remote.RemoteTestNG.initAndRun(RemoteTestNG.java:251)
at org.testng.remote.RemoteTestNG.main(RemoteTestNG.java:77)
Caused by: org.openqa.selenium.interactions.MoveTargetOutOfBoundsException: Offset within element cannot be scrolled into view: (0, 0): [object HTMLSpanElement]
Build info: version: '2.53.1', revision: 'a36b8b1', time: '2016-06-30 17:32:46'
System info: host: 'RACHANA-PC', ip: '192.168.29.1', os.name: 'Windows 7', os.arch: 'amd64', os.version: '6.1', java.version: '1.8.0_181'
Driver info: driver.version: unknown
at <anonymous class>.FirefoxDriver.prototype.mouseMoveTo(file:///C:/Users/RACHANA/AppData/Local/Temp/anonymous2930185562068354511webdriver-profile/extensions/fxdriver@googlecode.com/components/driver-component.js:11072)
at <anonymous class>.DelayedCommand.prototype.executeInternal_/h(file:///C:/Users/RACHANA/AppData/Local/Temp/anonymous2930185562068354511webdriver-profile/extensions/fxdriver@googlecode.com/components/command-processor.js:12661)
at <anonymous class>.DelayedCommand.prototype.executeInternal_(file:///C:/Users/RACHANA/AppData/Local/Temp/anonymous2930185562068354511webdriver-profile/extensions/fxdriver@googlecode.com/components/command-processor.js:12666)
at <anonymous class>.DelayedCommand.prototype.execute/<(file:///C:/Users/RACHANA/AppData/Local/Temp/anonymous2930185562068354511webdriver-profile/extensions/fxdriver@googlecode.com/components/command-processor.js:12608)
]]>
    </error>
  </testcase> <!-- verifyGiftCardMobileRechargesSubCategoryTest -->
  <testcase name="verifyGlobalStoreSubCategoryTest" time="3.427" classname="com.amazon.dropdownTest.VerifySubCategories"/>
  <testcase name="verifyFullSStoreDirectorySubCategoryTest" time="7.384" classname="com.amazon.dropdownTest.VerifySubCategories"/>
</testsuite> <!-- com.amazon.dropdownTest.VerifySubCategories -->
